Using pre-set license

 COMMAND LINE ARGUMENTS:
/Applications/Unity/Hub/Editor/2020.3.13f1/Unity.app/Contents/MacOS/Unity
-adb2
-batchMode
-noUpm
-name
AssetImportWorker0
-projectPath
/Users/aleksandr/Documents/UnityProjects/WreckBow
-logFile
Logs/AssetImportWorker0.log
-srvPort
51079
Successfully changed project path to: /Users/aleksandr/Documents/UnityProjects/WreckBow
/Users/aleksandr/Documents/UnityProjects/WreckBow
Using Asset Import Pipeline V2.
Refreshing native plugins compatible for Editor in 59.14 ms, found 2 plugins.
Preloading 0 native plugins for Editor in 0.00 ms.
Initialize engine version: 2020.3.13f1 (71691879b7f5)
[Subsystems] Discovering subsystems at path /Applications/Unity/Hub/Editor/2020.3.13f1/Unity.app/Contents/Resources/UnitySubsystems
[Subsystems] Discovering subsystems at path /Users/aleksandr/Documents/UnityProjects/WreckBow/Assets
GfxDevice: creating device client; threaded=0
2025-11-21 19:43:08.965 Unity[87577:1184895] (null) preferred device: Apple M1 Pro (high power)
2025-11-21 19:43:08.965 Unity[87577:1184895] Metal devices available: 1
2025-11-21 19:43:08.965 Unity[87577:1184895] 0: Apple M1 Pro (high power)
2025-11-21 19:43:08.965 Unity[87577:1184895] Using device Apple M1 Pro (high power)
Initializing Metal device caps: Apple M1 Pro
Shader 'Universal Render Pipeline/Particles/Lit': fallback shader 'Universal Render Pipeline/Particles/SimpleLit' not found
Initialize mono
Mono path[0] = '/Applications/Unity/Hub/Editor/2020.3.13f1/Unity.app/Contents/Managed'
Mono path[1] = '/Applications/Unity/Hub/Editor/2020.3.13f1/Unity.app/Contents/MonoBleedingEdge/lib/mono/unityjit'
Mono config path = '/Applications/Unity/Hub/Editor/2020.3.13f1/Unity.app/Contents/MonoBleedingEdge/etc'
Using monoOptions --debugger-agent=transport=dt_socket,embedding=1,server=y,suspend=n,address=127.0.0.1:56577
Begin MonoManager ReloadAssembly
Registering precompiled unity dll's ...
Register platform support module: /Applications/Unity/Hub/Editor/2020.3.13f1/PlaybackEngines/WebGLSupport/UnityEditor.WebGL.Extensions.dll
Register platform support module: /Applications/Unity/Hub/Editor/2020.3.13f1/Unity.app/Contents/PlaybackEngines/MacStandaloneSupport/UnityEditor.OSXStandalone.Extensions.dll
Registered in 0.001495 seconds.
Native extension for OSXStandalone target not found
Native extension for WebGL target not found
Refreshing native plugins compatible for Editor in 58.02 ms, found 2 plugins.
Preloading 0 native plugins for Editor in 0.00 ms.
Mono: successfully reloaded assembly
- Completed reload, in  1.719 seconds
Platform modules already initialized, skipping
Registering precompiled user dll's ...
Registered in 0.003451 seconds.
Begin MonoManager ReloadAssembly
Native extension for OSXStandalone target not found
Native extension for WebGL target not found
Refreshing native plugins compatible for Editor in 57.10 ms, found 2 plugins.
Preloading 0 native plugins for Editor in 0.00 ms.
Mono: successfully reloaded assembly
- Completed reload, in  2.563 seconds
Platform modules already initialized, skipping
========================================================================
Worker process is ready to serve import requests
Shader 'Universal Render Pipeline/Particles/Lit': fallback shader 'Universal Render Pipeline/Particles/SimpleLit' not found
Launching external process: /Applications/Unity/Hub/Editor/2020.3.13f1/Unity.app/Contents/Tools/UnityShaderCompiler
Launched and connected shader compiler UnityShaderCompiler after 0.05 seconds
Refreshing native plugins compatible for Editor in 0.60 ms, found 2 plugins.
Preloading 0 native plugins for Editor in 0.00 ms.
Unloading 3436 Unused Serialized files (Serialized files now loaded: 0)
System memory in use before: 157.5 MB.
System memory in use after: 157.7 MB.

Unloading 23 unused Assets to reduce memory usage. Loaded Objects now: 3870.
Total: 2.160166 ms (FindLiveObjects: 0.240125 ms CreateObjectMapping: 0.076542 ms MarkObjects: 1.759958 ms  DeleteObjects: 0.082625 ms)

AssetImportParameters requested are different than current active one (requested -> active):
  custom:video-decoder-ogg-theora: a1e56fd34408186e4bbccfd4996cb3dc -> 
  custom:container-muxer-webm: aa71ff27fc2769a1b78a27578f13a17b -> 
  custom:container-demuxer-webm: 4f35f7cbe854078d1ac9338744f61a02 -> 
  custom:container-demuxer-ogg: 62fdf1f143b41e24485cea50d1cbac27 -> 
  custom:video-encoder-webm-vp8: eb34c28f22e8b96e1ab97ce403110664 -> 
  custom:framework-osx-AVFoundation: e770b220cccbd017edd2c1fefb359320 -> 
  custom:video-decoder-webm-vp8: 9c59270c3fd7afecdb556c50c9e8de78 -> 
  custom:audio-decoder-ogg-vorbis: bf7c407c2cedff20999df2af8eb42d56 -> 
  custom:audio-encoder-webm-vorbis: bf7c407c2cedff20999df2af8eb42d56 -> 
========================================================================
Received Import Request.
  path: Assets/BuiltInXR/XR/XRGeneralSettings.asset
  artifactKey: Guid(6b7583961f1d75e41b9dd19148518b70) Importer(815301076,1909f56bfc062723c751e8b465ee728b)
Start importing Assets/BuiltInXR/XR/XRGeneralSettings.asset using Guid(6b7583961f1d75e41b9dd19148518b70) Importer(815301076,1909f56bfc062723c751e8b465ee728b)  -> (artifact id: 'd1f0e3bbd1721d5ca96043bf934c9725') in 0.121299 seconds 
  Import took 0.125855 seconds .

========================================================================
Received Import Request.
  Time since last request: 0.000252 seconds.
  path: Assets/WreckBow/Scenes/WreckBowDemo.unity
  artifactKey: Guid(ce0196fadfe761c48b10c291d33b04f6) Importer(815301076,1909f56bfc062723c751e8b465ee728b)
Start importing Assets/WreckBow/Scenes/WreckBowDemo.unity using Guid(ce0196fadfe761c48b10c291d33b04f6) Importer(815301076,1909f56bfc062723c751e8b465ee728b)  -> (artifact id: 'e2d413c65d5e704aaa11559cb3bfda78') in 0.000898 seconds 
  Import took 0.004155 seconds .

========================================================================
Received Import Request.
  Time since last request: 0.000178 seconds.
  path: Assets/WreckBow/Scenes
  artifactKey: Guid(507de7b88f533e944bfcdb1150725f28) Importer(815301076,1909f56bfc062723c751e8b465ee728b)
Start importing Assets/WreckBow/Scenes using Guid(507de7b88f533e944bfcdb1150725f28) Importer(815301076,1909f56bfc062723c751e8b465ee728b)  -> (artifact id: 'ec718e2d3ed8da8be8fa0f59c460f5e0') in 0.000514 seconds 
  Import took 0.003917 seconds .

========================================================================
Received Import Request.
  Time since last request: 0.000258 seconds.
  path: Assets/WreckBow
  artifactKey: Guid(601f6e1d3ffd88744b82977a468dd69e) Importer(815301076,1909f56bfc062723c751e8b465ee728b)
Start importing Assets/WreckBow using Guid(601f6e1d3ffd88744b82977a468dd69e) Importer(815301076,1909f56bfc062723c751e8b465ee728b)  -> (artifact id: '317190cb51533d73068d46e88db1a4e3') in 0.000602 seconds 
  Import took 0.004065 seconds .

========================================================================
Received Import Request.
  Time since last request: 1.625908 seconds.
  path: Assets/BuiltInXR/XRI/Settings
  artifactKey: Guid(f17c0995bcb38d046be215402f2281fc) Importer(815301076,1909f56bfc062723c751e8b465ee728b)
Start importing Assets/BuiltInXR/XRI/Settings using Guid(f17c0995bcb38d046be215402f2281fc) Importer(815301076,1909f56bfc062723c751e8b465ee728b)  -> (artifact id: '1c99fece276e0fede5abb5d7e501a510') in 0.000986 seconds 
  Import took 0.006223 seconds .

========================================================================
Received Import Request.
  Time since last request: 0.055113 seconds.
  path: Assets/BuiltInXR/XRI/Settings/XRInteractionEditorSettings.asset
  artifactKey: Guid(e935ff253cf58fb4383fb2330818e28f) Importer(815301076,1909f56bfc062723c751e8b465ee728b)
Start importing Assets/BuiltInXR/XRI/Settings/XRInteractionEditorSettings.asset using Guid(e935ff253cf58fb4383fb2330818e28f) Importer(815301076,1909f56bfc062723c751e8b465ee728b)  -> (artifact id: 'eb1e70e992f3d81c58ca42304b63363b') in 0.005182 seconds 
  Import took 0.009752 seconds .

========================================================================
Received Import Request.
  Time since last request: 5.693779 seconds.
  path: Assets/BuiltInXR/XRI/Settings/Resources
  artifactKey: Guid(6d9cf7e225dd22d45b80867d6d39c554) Importer(815301076,1909f56bfc062723c751e8b465ee728b)
Start importing Assets/BuiltInXR/XRI/Settings/Resources using Guid(6d9cf7e225dd22d45b80867d6d39c554) Importer(815301076,1909f56bfc062723c751e8b465ee728b)  -> (artifact id: 'ce0508847f8f644914a3f650eb8f9603') in 0.000993 seconds 
  Import took 0.006162 seconds .

========================================================================
Received Import Request.
  Time since last request: 0.072312 seconds.
  path: Assets/BuiltInXR/XRI/Settings/Resources/InteractionLayerSettings.asset
  artifactKey: Guid(fa4f4242f13918c44948ac10aeded7e6) Importer(815301076,1909f56bfc062723c751e8b465ee728b)
Start importing Assets/BuiltInXR/XRI/Settings/Resources/InteractionLayerSettings.asset using Guid(fa4f4242f13918c44948ac10aeded7e6) Importer(815301076,1909f56bfc062723c751e8b465ee728b)  -> (artifact id: '61225c94f30bc4e9beefe7730ccdd165') in 0.002984 seconds 
  Import took 0.007472 seconds .

========================================================================
Received Import Request.
  Time since last request: 2.919594 seconds.
  path: Assets/BuiltInXR/XR/Settings/Oculus Settings.asset
  artifactKey: Guid(c12b279f7dc214b489ecec80354f6ec0) Importer(815301076,1909f56bfc062723c751e8b465ee728b)
Start importing Assets/BuiltInXR/XR/Settings/Oculus Settings.asset using Guid(c12b279f7dc214b489ecec80354f6ec0) Importer(815301076,1909f56bfc062723c751e8b465ee728b)  -> (artifact id: 'b1003b37d26e2683a2fe4e3e136d93ff') in 0.002802 seconds 
  Import took 0.007912 seconds .

========================================================================
Received Prepare
Registering precompiled user dll's ...
Registered in 0.006096 seconds.
Begin MonoManager ReloadAssembly
Native extension for OSXStandalone target not found
Native extension for WebGL target not found
Refreshing native plugins compatible for Editor in 0.62 ms, found 2 plugins.
Preloading 0 native plugins for Editor in 0.00 ms.
Mono: successfully reloaded assembly
- Completed reload, in  2.399 seconds
Platform modules already initialized, skipping
Shader 'Universal Render Pipeline/Particles/Lit': fallback shader 'Universal Render Pipeline/Particles/SimpleLit' not found
Refreshing native plugins compatible for Editor in 0.61 ms, found 2 plugins.
Preloading 0 native plugins for Editor in 0.00 ms.
Unloading 3315 Unused Serialized files (Serialized files now loaded: 0)
System memory in use before: 155.8 MB.
System memory in use after: 156.1 MB.

Unloading 16 unused Assets to reduce memory usage. Loaded Objects now: 3874.
Total: 2.222000 ms (FindLiveObjects: 0.267625 ms CreateObjectMapping: 0.127708 ms MarkObjects: 1.807958 ms  DeleteObjects: 0.017667 ms)

AssetImportParameters requested are different than current active one (requested -> active):
  custom:video-decoder-ogg-theora: a1e56fd34408186e4bbccfd4996cb3dc -> 
  custom:container-muxer-webm: aa71ff27fc2769a1b78a27578f13a17b -> 
  custom:container-demuxer-webm: 4f35f7cbe854078d1ac9338744f61a02 -> 
  custom:container-demuxer-ogg: 62fdf1f143b41e24485cea50d1cbac27 -> 
  custom:video-encoder-webm-vp8: eb34c28f22e8b96e1ab97ce403110664 -> 
  custom:framework-osx-AVFoundation: e770b220cccbd017edd2c1fefb359320 -> 
  custom:video-decoder-webm-vp8: 9c59270c3fd7afecdb556c50c9e8de78 -> 
  custom:audio-decoder-ogg-vorbis: bf7c407c2cedff20999df2af8eb42d56 -> 
  custom:audio-encoder-webm-vorbis: bf7c407c2cedff20999df2af8eb42d56 -> 
========================================================================
Received Import Request.
  Time since last request: 54.056424 seconds.
  path: Assets/BuiltInXR/XR
  artifactKey: Guid(4a4163e0004ced54592f884cf1218719) Importer(815301076,1909f56bfc062723c751e8b465ee728b)
Start importing Assets/BuiltInXR/XR using Guid(4a4163e0004ced54592f884cf1218719) Importer(815301076,1909f56bfc062723c751e8b465ee728b)  -> (artifact id: '603423fd2033c64ef2b76c87d1cc5bb7') in 0.007684 seconds 
  Import took 0.013027 seconds .

========================================================================
Received Import Request.
  Time since last request: 1.709267 seconds.
  path: Assets/BuiltInXR/XR/Loaders
  artifactKey: Guid(1940244274b1ab040b87b916ebb787fd) Importer(815301076,1909f56bfc062723c751e8b465ee728b)
Start importing Assets/BuiltInXR/XR/Loaders using Guid(1940244274b1ab040b87b916ebb787fd) Importer(815301076,1909f56bfc062723c751e8b465ee728b)  -> (artifact id: '3063b90faa82b1b84c75175e1d658a47') in 0.000857 seconds 
  Import took 0.005735 seconds .

========================================================================
Received Import Request.
  Time since last request: 0.083600 seconds.
  path: Assets/BuiltInXR/XR/Loaders/Oculus Loader.asset
  artifactKey: Guid(ae77bbad1e3974146b299e06757b903f) Importer(815301076,1909f56bfc062723c751e8b465ee728b)
Start importing Assets/BuiltInXR/XR/Loaders/Oculus Loader.asset using Guid(ae77bbad1e3974146b299e06757b903f) Importer(815301076,1909f56bfc062723c751e8b465ee728b)  -> (artifact id: 'f539d9d511a32ef0e645579a00d8e624') in 0.018572 seconds 
  Import took 0.023518 seconds .

========================================================================
Received Import Request.
  Time since last request: 6.197485 seconds.
  path: Assets/BuiltInXR/Samples/XR Interaction Toolkit
  artifactKey: Guid(536b1257176269b4e9f3a1cf2da1249c) Importer(815301076,1909f56bfc062723c751e8b465ee728b)
Start importing Assets/BuiltInXR/Samples/XR Interaction Toolkit using Guid(536b1257176269b4e9f3a1cf2da1249c) Importer(815301076,1909f56bfc062723c751e8b465ee728b)  -> (artifact id: 'b68d4cdfe12d1dd5a07aced56e021921') in 0.000760 seconds 
  Import took 0.005359 seconds .

========================================================================
Received Import Request.
  Time since last request: 0.000746 seconds.
  path: Assets/BuiltInXR/Samples/XR Interaction Toolkit
  artifactKey: Guid(536b1257176269b4e9f3a1cf2da1249c) Importer(815301076,1909f56bfc062723c751e8b465ee728b)
Start importing Assets/BuiltInXR/Samples/XR Interaction Toolkit using Guid(536b1257176269b4e9f3a1cf2da1249c) Importer(815301076,1909f56bfc062723c751e8b465ee728b)  -> (artifact id: 'b68d4cdfe12d1dd5a07aced56e021921') in 0.000611 seconds 
  Import took 0.004875 seconds .

========================================================================
Received Import Request.
  Time since last request: 0.623159 seconds.
  path: Assets/BuiltInXR/Samples/XR Interaction Toolkit/2.0.2
  artifactKey: Guid(79475dd3206925444b7bd4cb3908af3b) Importer(815301076,1909f56bfc062723c751e8b465ee728b)
Start importing Assets/BuiltInXR/Samples/XR Interaction Toolkit/2.0.2 using Guid(79475dd3206925444b7bd4cb3908af3b) Importer(815301076,1909f56bfc062723c751e8b465ee728b)  -> (artifact id: '521fd9ee622b9b9c342817975f222bf3') in 0.000795 seconds 
  Import took 0.005730 seconds .

========================================================================
Received Import Request.
  Time since last request: 0.556385 seconds.
  path: Assets/BuiltInXR/Samples/XR Interaction Toolkit/2.0.2/Starter Assets
  artifactKey: Guid(07c432c929e31b64cb0fdb767b482ad0) Importer(815301076,1909f56bfc062723c751e8b465ee728b)
Start importing Assets/BuiltInXR/Samples/XR Interaction Toolkit/2.0.2/Starter Assets using Guid(07c432c929e31b64cb0fdb767b482ad0) Importer(815301076,1909f56bfc062723c751e8b465ee728b)  -> (artifact id: 'db50c17d89a64ccc1ad18c388433f3aa') in 0.000906 seconds 
  Import took 0.005808 seconds .

========================================================================
Received Import Request.
  Time since last request: 0.000487 seconds.
  path: Assets/BuiltInXR/Samples/XR Interaction Toolkit/2.0.2/Starter Assets
  artifactKey: Guid(07c432c929e31b64cb0fdb767b482ad0) Importer(815301076,1909f56bfc062723c751e8b465ee728b)
Start importing Assets/BuiltInXR/Samples/XR Interaction Toolkit/2.0.2/Starter Assets using Guid(07c432c929e31b64cb0fdb767b482ad0) Importer(815301076,1909f56bfc062723c751e8b465ee728b)  -> (artifact id: 'db50c17d89a64ccc1ad18c388433f3aa') in 0.000916 seconds 
  Import took 0.005885 seconds .

========================================================================
Received Import Request.
  Time since last request: 0.969530 seconds.
  path: Assets/BuiltInXR/Samples/XR Interaction Toolkit/2.0.2/Starter Assets/XRI Default Continuous Move.preset
  artifactKey: Guid(91f9da00cfdac5d49955df2d2d820b9c) Importer(815301076,1909f56bfc062723c751e8b465ee728b)
Start importing Assets/BuiltInXR/Samples/XR Interaction Toolkit/2.0.2/Starter Assets/XRI Default Continuous Move.preset using Guid(91f9da00cfdac5d49955df2d2d820b9c) Importer(815301076,1909f56bfc062723c751e8b465ee728b)  -> (artifact id: '59bb87febcb07f2d217921d7b59cb715') in 0.067143 seconds 
  Import took 0.072358 seconds .

========================================================================
Received Import Request.
  Time since last request: 0.000276 seconds.
  path: Assets/BuiltInXR/Samples/XR Interaction Toolkit/2.0.2/Starter Assets/XRI Default Left Controller.preset
  artifactKey: Guid(ffd8268f7307a0c48a067dad4a8fe060) Importer(815301076,1909f56bfc062723c751e8b465ee728b)
Start importing Assets/BuiltInXR/Samples/XR Interaction Toolkit/2.0.2/Starter Assets/XRI Default Left Controller.preset using Guid(ffd8268f7307a0c48a067dad4a8fe060) Importer(815301076,1909f56bfc062723c751e8b465ee728b)  -> (artifact id: '7dea076658f81fdd29e280240cb0e55f') in 0.016291 seconds 
  Import took 0.020453 seconds .

========================================================================
Received Import Request.
  Time since last request: 0.000287 seconds.
  path: Assets/BuiltInXR/Samples/XR Interaction Toolkit/2.0.2/Starter Assets/XRI Default Snap Turn.preset
  artifactKey: Guid(18697d253d848974aa7052cba872c9f0) Importer(815301076,1909f56bfc062723c751e8b465ee728b)
Start importing Assets/BuiltInXR/Samples/XR Interaction Toolkit/2.0.2/Starter Assets/XRI Default Snap Turn.preset using Guid(18697d253d848974aa7052cba872c9f0) Importer(815301076,1909f56bfc062723c751e8b465ee728b)  -> (artifact id: 'c5c2fcd821ec51399f7b2bef7bc1d330') in 0.005696 seconds 
  Import took 0.009792 seconds .

========================================================================
Received Import Request.
  Time since last request: 0.000260 seconds.
  path: Assets/BuiltInXR/Samples/XR Interaction Toolkit/2.0.2/Starter Assets/XRI Default Input Actions.inputactions
  artifactKey: Guid(c348712bda248c246b8c49b3db54643f) Importer(815301076,1909f56bfc062723c751e8b465ee728b)
Start importing Assets/BuiltInXR/Samples/XR Interaction Toolkit/2.0.2/Starter Assets/XRI Default Input Actions.inputactions using Guid(c348712bda248c246b8c49b3db54643f) Importer(815301076,1909f56bfc062723c751e8b465ee728b)  -> (artifact id: '6f8d756f47d5e5ef4f95b7743ff96e4d') in 0.067723 seconds 
  Import took 0.072316 seconds .

========================================================================
Received Import Request.
  Time since last request: 0.000237 seconds.
  path: Assets/BuiltInXR/Samples/XR Interaction Toolkit/2.0.2/Starter Assets/XRI Default Continuous Turn.preset
  artifactKey: Guid(0caad3af14f9a414dbdf25ed41e5aa47) Importer(815301076,1909f56bfc062723c751e8b465ee728b)
Start importing Assets/BuiltInXR/Samples/XR Interaction Toolkit/2.0.2/Starter Assets/XRI Default Continuous Turn.preset using Guid(0caad3af14f9a414dbdf25ed41e5aa47) Importer(815301076,1909f56bfc062723c751e8b465ee728b)  -> (artifact id: 'c745a3cc30d955c5088e7e5f1d45142e') in 0.006534 seconds 
  Import took 0.010842 seconds .

========================================================================
Received Import Request.
  Time since last request: 0.000323 seconds.
  path: Assets/BuiltInXR/Samples/XR Interaction Toolkit/2.0.2/Starter Assets/XRI Default Right Controller.preset
  artifactKey: Guid(1421ad86ff3787b4dae70fe9e699a25f) Importer(815301076,1909f56bfc062723c751e8b465ee728b)
Start importing Assets/BuiltInXR/Samples/XR Interaction Toolkit/2.0.2/Starter Assets/XRI Default Right Controller.preset using Guid(1421ad86ff3787b4dae70fe9e699a25f) Importer(815301076,1909f56bfc062723c751e8b465ee728b)  -> (artifact id: '0535f0ab8ff1b9b1114050437c5569b1') in 0.006375 seconds 
  Import took 0.011501 seconds .

========================================================================
Received Import Request.
  Time since last request: 6.160310 seconds.
  path: Packages/com.unity.xr.interaction.toolkit/package.json
  artifactKey: Guid(fac9fb4ad804244e0911f21e340a3d5b) Importer(815301076,1909f56bfc062723c751e8b465ee728b)
Start importing Packages/com.unity.xr.interaction.toolkit/package.json using Guid(fac9fb4ad804244e0911f21e340a3d5b) Importer(815301076,1909f56bfc062723c751e8b465ee728b)  -> (artifact id: '0da546299e60c01e0035edb28cf7dd87') in 0.628500 seconds 
  Import took 0.633839 seconds .

========================================================================
Received Import Request.
  Time since last request: 10.694441 seconds.
  path: Assets/Samples/XR Interaction Toolkit/2.0.2/XR Device Simulator/XR Device Simulator Controls.inputactions
  artifactKey: Guid(da2b439d1a2de5c46a4f428f8cf4fe19) Importer(815301076,1909f56bfc062723c751e8b465ee728b)
Start importing Assets/Samples/XR Interaction Toolkit/2.0.2/XR Device Simulator/XR Device Simulator Controls.inputactions using Guid(da2b439d1a2de5c46a4f428f8cf4fe19) Importer(815301076,1909f56bfc062723c751e8b465ee728b)  -> (artifact id: '0aa4b27c5dd83175e706fee0d81c3ad2') in 0.011230 seconds 
  Import took 0.020208 seconds .

========================================================================
Received Import Request.
  Time since last request: 0.000244 seconds.
  path: Assets/Samples/XR Interaction Toolkit/2.0.2/XR Device Simulator/XR Device Simulator.prefab
  artifactKey: Guid(9f5a24a380916d14db9775daab4fe333) Importer(815301076,1909f56bfc062723c751e8b465ee728b)
Start importing Assets/Samples/XR Interaction Toolkit/2.0.2/XR Device Simulator/XR Device Simulator.prefab using Guid(9f5a24a380916d14db9775daab4fe333) Importer(815301076,1909f56bfc062723c751e8b465ee728b)  -> (artifact id: '4acdca3e11170720ac124a5abec44e27') in 0.098950 seconds 
  Import took 0.102749 seconds .

========================================================================
Received Import Request.
  Time since last request: 20.248889 seconds.
  path: Assets/Samples/XR Interaction Toolkit/2.0.2/XR Device Simulator
  artifactKey: Guid(4e3aca46bf1e840fc8b552870d0b2125) Importer(815301076,1909f56bfc062723c751e8b465ee728b)
Start importing Assets/Samples/XR Interaction Toolkit/2.0.2/XR Device Simulator using Guid(4e3aca46bf1e840fc8b552870d0b2125) Importer(815301076,1909f56bfc062723c751e8b465ee728b)  -> (artifact id: 'cc3ebada87e3a9c9bd00b4adfd81314f') in 0.000850 seconds 
  Import took 0.005662 seconds .

========================================================================
Received Import Request.
  Time since last request: 0.001347 seconds.
  path: Assets/Samples/XR Interaction Toolkit/2.0.2/XR Device Simulator
  artifactKey: Guid(4e3aca46bf1e840fc8b552870d0b2125) Importer(815301076,1909f56bfc062723c751e8b465ee728b)
Start importing Assets/Samples/XR Interaction Toolkit/2.0.2/XR Device Simulator using Guid(4e3aca46bf1e840fc8b552870d0b2125) Importer(815301076,1909f56bfc062723c751e8b465ee728b)  -> (artifact id: 'cc3ebada87e3a9c9bd00b4adfd81314f') in 0.000641 seconds 
  Import took 0.004509 seconds .

========================================================================
Received Prepare
Registering precompiled user dll's ...
Registered in 0.006323 seconds.
Begin MonoManager ReloadAssembly
Native extension for OSXStandalone target not found
Native extension for WebGL target not found
Refreshing native plugins compatible for Editor in 0.71 ms, found 2 plugins.
Preloading 0 native plugins for Editor in 0.00 ms.
Mono: successfully reloaded assembly
- Completed reload, in  2.492 seconds
Platform modules already initialized, skipping
Shader 'Universal Render Pipeline/Particles/Lit': fallback shader 'Universal Render Pipeline/Particles/SimpleLit' not found
Refreshing native plugins compatible for Editor in 0.66 ms, found 2 plugins.
Preloading 0 native plugins for Editor in 0.00 ms.
Unloading 3315 Unused Serialized files (Serialized files now loaded: 0)
System memory in use before: 175.1 MB.
System memory in use after: 175.3 MB.

Unloading 16 unused Assets to reduce memory usage. Loaded Objects now: 3878.
Total: 2.181916 ms (FindLiveObjects: 0.264792 ms CreateObjectMapping: 0.085458 ms MarkObjects: 1.802583 ms  DeleteObjects: 0.028125 ms)

AssetImportParameters requested are different than current active one (requested -> active):
  custom:video-decoder-ogg-theora: a1e56fd34408186e4bbccfd4996cb3dc -> 
  custom:container-muxer-webm: aa71ff27fc2769a1b78a27578f13a17b -> 
  custom:container-demuxer-webm: 4f35f7cbe854078d1ac9338744f61a02 -> 
  custom:container-demuxer-ogg: 62fdf1f143b41e24485cea50d1cbac27 -> 
  custom:video-encoder-webm-vp8: eb34c28f22e8b96e1ab97ce403110664 -> 
  custom:framework-osx-AVFoundation: e770b220cccbd017edd2c1fefb359320 -> 
  custom:video-decoder-webm-vp8: 9c59270c3fd7afecdb556c50c9e8de78 -> 
  custom:audio-decoder-ogg-vorbis: bf7c407c2cedff20999df2af8eb42d56 -> 
  custom:audio-encoder-webm-vorbis: bf7c407c2cedff20999df2af8eb42d56 -> 
========================================================================
Received Prepare
Registering precompiled user dll's ...
Registered in 0.005198 seconds.
Begin MonoManager ReloadAssembly
A scripted class has a different serialization layout when loading. (Read 76 bytes but expected 80 bytes)
Did you change any of your scripts when entering playmode?

Native extension for OSXStandalone target not found
Native extension for WebGL target not found
Refreshing native plugins compatible for Editor in 0.72 ms, found 2 plugins.
Preloading 0 native plugins for Editor in 0.00 ms.
Mono: successfully reloaded assembly
- Completed reload, in  2.662 seconds
Platform modules already initialized, skipping
Shader 'Universal Render Pipeline/Particles/Lit': fallback shader 'Universal Render Pipeline/Particles/SimpleLit' not found
Refreshing native plugins compatible for Editor in 0.70 ms, found 2 plugins.
Preloading 0 native plugins for Editor in 0.00 ms.
Unloading 3317 Unused Serialized files (Serialized files now loaded: 0)
System memory in use before: 177.1 MB.
System memory in use after: 177.3 MB.

Unloading 16 unused Assets to reduce memory usage. Loaded Objects now: 3884.
Total: 2.114125 ms (FindLiveObjects: 0.266250 ms CreateObjectMapping: 0.077542 ms MarkObjects: 1.745958 ms  DeleteObjects: 0.023209 ms)

AssetImportParameters requested are different than current active one (requested -> active):
  custom:video-decoder-ogg-theora: a1e56fd34408186e4bbccfd4996cb3dc -> 
  custom:container-muxer-webm: aa71ff27fc2769a1b78a27578f13a17b -> 
  custom:container-demuxer-webm: 4f35f7cbe854078d1ac9338744f61a02 -> 
  custom:container-demuxer-ogg: 62fdf1f143b41e24485cea50d1cbac27 -> 
  custom:video-encoder-webm-vp8: eb34c28f22e8b96e1ab97ce403110664 -> 
  custom:framework-osx-AVFoundation: e770b220cccbd017edd2c1fefb359320 -> 
  custom:video-decoder-webm-vp8: 9c59270c3fd7afecdb556c50c9e8de78 -> 
  custom:audio-decoder-ogg-vorbis: bf7c407c2cedff20999df2af8eb42d56 -> 
  custom:audio-encoder-webm-vorbis: bf7c407c2cedff20999df2af8eb42d56 -> 
========================================================================
Received Import Request.
  Time since last request: 320.992906 seconds.
  path: Assets/Samples/XR Interaction Toolkit/2.0.2/XR Device Simulator/XR Device Simulator.prefab
  artifactKey: Guid(9f5a24a380916d14db9775daab4fe333) Importer(815301076,1909f56bfc062723c751e8b465ee728b)
Start importing Assets/Samples/XR Interaction Toolkit/2.0.2/XR Device Simulator/XR Device Simulator.prefab using Guid(9f5a24a380916d14db9775daab4fe333) Importer(815301076,1909f56bfc062723c751e8b465ee728b)  -> (artifact id: 'cf5b928f88602ec0d50ba6c6974f0cf1') in 0.071562 seconds 
  Import took 0.076013 seconds .

========================================================================
Received Import Request.
  Time since last request: 14.119457 seconds.
  path: Assets/Samples/XR Interaction Toolkit/2.0.4/XR Device Simulator
  artifactKey: Guid(82278953b2bd4453aacf50165591db19) Importer(815301076,1909f56bfc062723c751e8b465ee728b)
Start importing Assets/Samples/XR Interaction Toolkit/2.0.4/XR Device Simulator using Guid(82278953b2bd4453aacf50165591db19) Importer(815301076,1909f56bfc062723c751e8b465ee728b)  -> (artifact id: '7257a992d2ca78ab65863be9f0215cd1') in 0.000753 seconds 
  Import took 0.005268 seconds .

========================================================================
Received Prepare
Registering precompiled user dll's ...
Registered in 0.004987 seconds.
Begin MonoManager ReloadAssembly
Native extension for OSXStandalone target not found
Native extension for WebGL target not found
Refreshing native plugins compatible for Editor in 0.77 ms, found 2 plugins.
Preloading 0 native plugins for Editor in 0.00 ms.
Mono: successfully reloaded assembly
- Completed reload, in  2.504 seconds
Platform modules already initialized, skipping
Shader 'Universal Render Pipeline/Particles/Lit': fallback shader 'Universal Render Pipeline/Particles/SimpleLit' not found
Refreshing native plugins compatible for Editor in 0.65 ms, found 2 plugins.
Preloading 0 native plugins for Editor in 0.00 ms.
Unloading 3317 Unused Serialized files (Serialized files now loaded: 0)
System memory in use before: 178.8 MB.
System memory in use after: 179.1 MB.

Unloading 16 unused Assets to reduce memory usage. Loaded Objects now: 3888.
Total: 2.083000 ms (FindLiveObjects: 0.214500 ms CreateObjectMapping: 0.074333 ms MarkObjects: 1.776459 ms  DeleteObjects: 0.016750 ms)

AssetImportParameters requested are different than current active one (requested -> active):
  custom:video-decoder-ogg-theora: a1e56fd34408186e4bbccfd4996cb3dc -> 
  custom:container-muxer-webm: aa71ff27fc2769a1b78a27578f13a17b -> 
  custom:container-demuxer-webm: 4f35f7cbe854078d1ac9338744f61a02 -> 
  custom:container-demuxer-ogg: 62fdf1f143b41e24485cea50d1cbac27 -> 
  custom:video-encoder-webm-vp8: eb34c28f22e8b96e1ab97ce403110664 -> 
  custom:framework-osx-AVFoundation: e770b220cccbd017edd2c1fefb359320 -> 
  custom:video-decoder-webm-vp8: 9c59270c3fd7afecdb556c50c9e8de78 -> 
  custom:audio-decoder-ogg-vorbis: bf7c407c2cedff20999df2af8eb42d56 -> 
  custom:audio-encoder-webm-vorbis: bf7c407c2cedff20999df2af8eb42d56 -> 
========================================================================
Received Prepare
Shader 'Universal Render Pipeline/Particles/Lit': fallback shader 'Universal Render Pipeline/Particles/SimpleLit' not found
Refreshing native plugins compatible for Editor in 3.13 ms, found 2 plugins.
Preloading 0 native plugins for Editor in 0.00 ms.
Unloading 13 Unused Serialized files (Serialized files now loaded: 0)
System memory in use before: 112.0 MB.
System memory in use after: 112.3 MB.

Unloading 13 unused Assets to reduce memory usage. Loaded Objects now: 3888.
Total: 8.397083 ms (FindLiveObjects: 0.405000 ms CreateObjectMapping: 0.080167 ms MarkObjects: 7.874375 ms  DeleteObjects: 0.036667 ms)

AssetImportParameters requested are different than current active one (requested -> active):
  custom:video-decoder-ogg-theora: a1e56fd34408186e4bbccfd4996cb3dc -> 
  custom:container-muxer-webm: aa71ff27fc2769a1b78a27578f13a17b -> 
  custom:container-demuxer-webm: 4f35f7cbe854078d1ac9338744f61a02 -> 
  custom:container-demuxer-ogg: 62fdf1f143b41e24485cea50d1cbac27 -> 
  custom:video-encoder-webm-vp8: eb34c28f22e8b96e1ab97ce403110664 -> 
  custom:framework-osx-AVFoundation: e770b220cccbd017edd2c1fefb359320 -> 
  custom:video-decoder-webm-vp8: 9c59270c3fd7afecdb556c50c9e8de78 -> 
  custom:audio-decoder-ogg-vorbis: bf7c407c2cedff20999df2af8eb42d56 -> 
  custom:audio-encoder-webm-vorbis: bf7c407c2cedff20999df2af8eb42d56 -> 
========================================================================
Received Prepare
Registering precompiled user dll's ...
Registered in 0.006272 seconds.
Begin MonoManager ReloadAssembly
Native extension for OSXStandalone target not found
Native extension for WebGL target not found
Refreshing native plugins compatible for Editor in 0.79 ms, found 2 plugins.
Preloading 0 native plugins for Editor in 0.00 ms.
Mono: successfully reloaded assembly
- Completed reload, in  3.285 seconds
Platform modules already initialized, skipping
Shader 'Universal Render Pipeline/Particles/Lit': fallback shader 'Universal Render Pipeline/Particles/SimpleLit' not found
Refreshing native plugins compatible for Editor in 0.71 ms, found 2 plugins.
Preloading 0 native plugins for Editor in 0.00 ms.
Unloading 3317 Unused Serialized files (Serialized files now loaded: 0)
System memory in use before: 178.9 MB.
System memory in use after: 179.1 MB.

Unloading 16 unused Assets to reduce memory usage. Loaded Objects now: 3892.
Total: 2.677916 ms (FindLiveObjects: 0.430917 ms CreateObjectMapping: 0.107708 ms MarkObjects: 2.107500 ms  DeleteObjects: 0.030500 ms)

AssetImportParameters requested are different than current active one (requested -> active):
  custom:video-decoder-ogg-theora: a1e56fd34408186e4bbccfd4996cb3dc -> 
  custom:container-muxer-webm: aa71ff27fc2769a1b78a27578f13a17b -> 
  custom:container-demuxer-webm: 4f35f7cbe854078d1ac9338744f61a02 -> 
  custom:container-demuxer-ogg: 62fdf1f143b41e24485cea50d1cbac27 -> 
  custom:video-encoder-webm-vp8: eb34c28f22e8b96e1ab97ce403110664 -> 
  custom:framework-osx-AVFoundation: e770b220cccbd017edd2c1fefb359320 -> 
  custom:video-decoder-webm-vp8: 9c59270c3fd7afecdb556c50c9e8de78 -> 
  custom:audio-decoder-ogg-vorbis: bf7c407c2cedff20999df2af8eb42d56 -> 
  custom:audio-encoder-webm-vorbis: bf7c407c2cedff20999df2af8eb42d56 -> 
========================================================================
Received Import Request.
  Time since last request: 16923.877532 seconds.
  path: Assets/WreckBow/Materials/ArrowMaterials/ArrowTrailMaterial.mat
  artifactKey: Guid(eb7d19238ea1d314ba21c68ca957fe7a) Importer(815301076,1909f56bfc062723c751e8b465ee728b)
Start importing Assets/WreckBow/Materials/ArrowMaterials/ArrowTrailMaterial.mat using Guid(eb7d19238ea1d314ba21c68ca957fe7a) Importer(815301076,1909f56bfc062723c751e8b465ee728b)  -> (artifact id: '316b1946b693eee3fa9f52c0088872f8') in 1.517049 seconds 
  Import took 1.536298 seconds .

========================================================================
Received Import Request.
  Time since last request: 0.000615 seconds.
  path: Packages/com.unity.searcher/Editor/Resources/FlatSkin/Font/Roboto-BoldItalic.ttf
  artifactKey: Guid(dfb97a9307a577a41bcacba34b9a7e32) Importer(815301076,1909f56bfc062723c751e8b465ee728b)
Start importing Packages/com.unity.searcher/Editor/Resources/FlatSkin/Font/Roboto-BoldItalic.ttf using Guid(dfb97a9307a577a41bcacba34b9a7e32) Importer(815301076,1909f56bfc062723c751e8b465ee728b)  -> (artifact id: '797859c4c3172e237bc230b5da09ef47') in 0.694888 seconds 
  Import took 0.702039 seconds .

========================================================================
Received Import Request.
  Time since last request: 0.000265 seconds.
  path: Packages/com.unity.searcher/Editor/Resources/FlatSkin/Font/Roboto-Thin.ttf
  artifactKey: Guid(19a9abb883540be48b75b951a927ae03) Importer(815301076,1909f56bfc062723c751e8b465ee728b)
Start importing Packages/com.unity.searcher/Editor/Resources/FlatSkin/Font/Roboto-Thin.ttf using Guid(19a9abb883540be48b75b951a927ae03) Importer(815301076,1909f56bfc062723c751e8b465ee728b)  -> (artifact id: '18bc6a0ba9dfd426e7b78d292b2f8428') in 0.013529 seconds 
  Import took 0.019749 seconds .

========================================================================
Received Import Request.
  Time since last request: 0.000243 seconds.
  path: Assets/WreckBow/Materials/DemoSceneMaterials/HitMaterial.mat
  artifactKey: Guid(183b60a6596a3654793c05cba763a8ac) Importer(815301076,1909f56bfc062723c751e8b465ee728b)
Start importing Assets/WreckBow/Materials/DemoSceneMaterials/HitMaterial.mat using Guid(183b60a6596a3654793c05cba763a8ac) Importer(815301076,1909f56bfc062723c751e8b465ee728b)  -> (artifact id: 'ed82a6b3aed2d3f5ec6f800e7d2f7ffd') in 0.079212 seconds 
  Import took 0.084560 seconds .

========================================================================
Received Import Request.
  Time since last request: 0.000291 seconds.
  path: Packages/com.unity.searcher/Editor/Resources/FlatSkin/Font/Roboto-BlackItalic.ttf
  artifactKey: Guid(f95147a9bab9fe649b8070170fa7ebd2) Importer(815301076,1909f56bfc062723c751e8b465ee728b)
Start importing Packages/com.unity.searcher/Editor/Resources/FlatSkin/Font/Roboto-BlackItalic.ttf using Guid(f95147a9bab9fe649b8070170fa7ebd2) Importer(815301076,1909f56bfc062723c751e8b465ee728b)  -> (artifact id: 'cba7ec7dd1a0cc653c14ad6b79cc362c') in 0.011953 seconds 
  Import took 0.016472 seconds .

========================================================================
Received Import Request.
  Time since last request: 0.000251 seconds.
  path: Assets/WreckBow/Materials/BowMaterials/HoverIndicatorMaterial.mat
  artifactKey: Guid(1cad353a89f6ef3418b3f6151fd7b6d3) Importer(815301076,1909f56bfc062723c751e8b465ee728b)
Start importing Assets/WreckBow/Materials/BowMaterials/HoverIndicatorMaterial.mat using Guid(1cad353a89f6ef3418b3f6151fd7b6d3) Importer(815301076,1909f56bfc062723c751e8b465ee728b)  -> (artifact id: 'b83359ff0d1ea96c21b26c4a70234b4d') in 0.019029 seconds 
  Import took 0.023827 seconds .

========================================================================
Received Import Request.
  Time since last request: 0.000272 seconds.
  path: Packages/com.unity.render-pipelines.universal/Runtime/Materials/ParticlesUnlit.mat
  artifactKey: Guid(e823cd5b5d27c0f4b8256e7c12ee3e6d) Importer(815301076,1909f56bfc062723c751e8b465ee728b)
Start importing Packages/com.unity.render-pipelines.universal/Runtime/Materials/ParticlesUnlit.mat using Guid(e823cd5b5d27c0f4b8256e7c12ee3e6d) Importer(815301076,1909f56bfc062723c751e8b465ee728b)  -> (artifact id: 'a6d3bac30e0c3da08768836858914317') in 0.021065 seconds 
  Import took 0.025602 seconds .

========================================================================
Received Import Request.
  Time since last request: 0.000198 seconds.
  path: Packages/com.unity.searcher/Editor/Resources/FlatSkin/Font/Roboto-MediumItalic.ttf
  artifactKey: Guid(d93c1bc57fdf1ac4dad1bf04fac05464) Importer(815301076,1909f56bfc062723c751e8b465ee728b)
Start importing Packages/com.unity.searcher/Editor/Resources/FlatSkin/Font/Roboto-MediumItalic.ttf using Guid(d93c1bc57fdf1ac4dad1bf04fac05464) Importer(815301076,1909f56bfc062723c751e8b465ee728b)  -> (artifact id: '788efd15934137c8cc8d0e4ebca01396') in 0.010035 seconds 
  Import took 0.014942 seconds .

========================================================================
Received Import Request.
  Time since last request: 0.000249 seconds.
  path: Assets/WreckBow/Materials/DemoSceneMaterials/FloorMaterial.mat
  artifactKey: Guid(5791bd699d90d814d995428d9bfcee15) Importer(815301076,1909f56bfc062723c751e8b465ee728b)
Start importing Assets/WreckBow/Materials/DemoSceneMaterials/FloorMaterial.mat using Guid(5791bd699d90d814d995428d9bfcee15) Importer(815301076,1909f56bfc062723c751e8b465ee728b)  -> (artifact id: '36a49a8f27b825b65a5fae69b0fdd24e') in 0.007812 seconds 
  Import took 0.013587 seconds .

========================================================================
Received Import Request.
  Time since last request: 0.000236 seconds.
  path: Packages/com.unity.render-pipelines.universal/Runtime/Materials/TerrainLit.mat
  artifactKey: Guid(594ea882c5a793440b60ff72d896021e) Importer(815301076,1909f56bfc062723c751e8b465ee728b)
Start importing Packages/com.unity.render-pipelines.universal/Runtime/Materials/TerrainLit.mat using Guid(594ea882c5a793440b60ff72d896021e) Importer(815301076,1909f56bfc062723c751e8b465ee728b)  -> (artifact id: 'db9aec0391899b041fa150a21f0d5646') in 0.505585 seconds 
  Import took 0.510567 seconds .

========================================================================
Received Import Request.
  Time since last request: 0.000298 seconds.
  path: Packages/com.unity.searcher/Editor/Resources/FlatSkin/Font/Roboto-Bold.ttf
  artifactKey: Guid(3750c318f40cab44a97d3a81beaefeb3) Importer(815301076,1909f56bfc062723c751e8b465ee728b)
Start importing Packages/com.unity.searcher/Editor/Resources/FlatSkin/Font/Roboto-Bold.ttf using Guid(3750c318f40cab44a97d3a81beaefeb3) Importer(815301076,1909f56bfc062723c751e8b465ee728b)  -> (artifact id: '194256a74ca396d00c654fcf4f7149e0') in 0.010650 seconds 
  Import took 0.014795 seconds .

========================================================================
Received Import Request.
  Time since last request: 0.000245 seconds.
  path: Packages/com.unity.render-pipelines.universal/Runtime/Materials/Sprite-Unlit-Default.mat
  artifactKey: Guid(9dfc825aed78fcd4ba02077103263b40) Importer(815301076,1909f56bfc062723c751e8b465ee728b)
Start importing Packages/com.unity.render-pipelines.universal/Runtime/Materials/Sprite-Unlit-Default.mat using Guid(9dfc825aed78fcd4ba02077103263b40) Importer(815301076,1909f56bfc062723c751e8b465ee728b)  -> (artifact id: '3dc837b22dad5c9afcddefa703e0bc63') in 0.032679 seconds 
  Import took 0.037572 seconds .

========================================================================
Received Import Request.
  Time since last request: 0.000354 seconds.
  path: Packages/com.unity.searcher/Editor/Resources/FlatSkin/Font/Roboto-Italic.ttf
  artifactKey: Guid(c839255fc8f6b4b4d90bf8c1af9f9bd1) Importer(815301076,1909f56bfc062723c751e8b465ee728b)
Start importing Packages/com.unity.searcher/Editor/Resources/FlatSkin/Font/Roboto-Italic.ttf using Guid(c839255fc8f6b4b4d90bf8c1af9f9bd1) Importer(815301076,1909f56bfc062723c751e8b465ee728b)  -> (artifact id: '7ddde24015a3083eceb2adb92d92a958') in 0.010103 seconds 
  Import took 0.014941 seconds .

========================================================================
Received Import Request.
  Time since last request: 0.000322 seconds.
  path: Packages/com.unity.render-pipelines.universal/Runtime/Materials/SimpleLit.mat
  artifactKey: Guid(6a1143ee683302f4aa628c052723efc1) Importer(815301076,1909f56bfc062723c751e8b465ee728b)
Start importing Packages/com.unity.render-pipelines.universal/Runtime/Materials/SimpleLit.mat using Guid(6a1143ee683302f4aa628c052723efc1) Importer(815301076,1909f56bfc062723c751e8b465ee728b)  -> (artifact id: '4193ea014fb52272aa79e827f0b902d4') in 0.336872 seconds 
  Import took 0.341658 seconds .

========================================================================
Received Import Request.
  Time since last request: 0.000247 seconds.
  path: Packages/com.unity.searcher/Editor/Resources/FlatSkin/Font/Roboto-ThinItalic.ttf
  artifactKey: Guid(b2ea3b3f1765e544b9eb5bd1a93a91ce) Importer(815301076,1909f56bfc062723c751e8b465ee728b)
Start importing Packages/com.unity.searcher/Editor/Resources/FlatSkin/Font/Roboto-ThinItalic.ttf using Guid(b2ea3b3f1765e544b9eb5bd1a93a91ce) Importer(815301076,1909f56bfc062723c751e8b465ee728b)  -> (artifact id: '6078e9a6603bf2c32cdc805e4cf73b66') in 0.011225 seconds 
  Import took 0.016175 seconds .

========================================================================
Received Import Request.
  Time since last request: 0.000280 seconds.
  path: Assets/WreckBow/Materials/DemoSceneMaterials/WreckSignMaterial.mat
  artifactKey: Guid(e91273a0bda9b8c4e891a9c08025d1b7) Importer(815301076,1909f56bfc062723c751e8b465ee728b)
Start importing Assets/WreckBow/Materials/DemoSceneMaterials/WreckSignMaterial.mat using Guid(e91273a0bda9b8c4e891a9c08025d1b7) Importer(815301076,1909f56bfc062723c751e8b465ee728b)  -> (artifact id: 'a1506008a0dc5f2afffd8e1b42279dfc') in 0.010093 seconds 
  Import took 0.014972 seconds .

========================================================================
Received Import Request.
  Time since last request: 0.000291 seconds.
  path: Assets/WreckBow/Materials/DemoSceneMaterials/SkyboxMaterial.mat
  artifactKey: Guid(b69be7362e80c324198974d0e5ca9c31) Importer(815301076,1909f56bfc062723c751e8b465ee728b)
Start importing Assets/WreckBow/Materials/DemoSceneMaterials/SkyboxMaterial.mat using Guid(b69be7362e80c324198974d0e5ca9c31) Importer(815301076,1909f56bfc062723c751e8b465ee728b)  -> (artifact id: '5cda8b2f08b52ccac4cc05b5ecaf6abd') in 0.025913 seconds 
  Import took 0.031526 seconds .

========================================================================
Received Import Request.
  Time since last request: 0.000289 seconds.
  path: Packages/com.unity.searcher/Editor/Resources/FlatSkin/Font/Roboto-Black.ttf
  artifactKey: Guid(1062c701058745940ae5dca6219c64c8) Importer(815301076,1909f56bfc062723c751e8b465ee728b)
Start importing Packages/com.unity.searcher/Editor/Resources/FlatSkin/Font/Roboto-Black.ttf using Guid(1062c701058745940ae5dca6219c64c8) Importer(815301076,1909f56bfc062723c751e8b465ee728b)  -> (artifact id: 'da647268a1cf35ff29399b87360318d2') in 0.012530 seconds 
  Import took 0.017736 seconds .

========================================================================
Received Import Request.
  Time since last request: 0.000229 seconds.
  path: Packages/com.unity.searcher/Editor/Resources/FlatSkin/Font/Roboto-Regular.ttf
  artifactKey: Guid(30dc370b164eefc43b95744fc796dad0) Importer(815301076,1909f56bfc062723c751e8b465ee728b)
Start importing Packages/com.unity.searcher/Editor/Resources/FlatSkin/Font/Roboto-Regular.ttf using Guid(30dc370b164eefc43b95744fc796dad0) Importer(815301076,1909f56bfc062723c751e8b465ee728b)  -> (artifact id: '259d5fa561bd86c2a5181886d88eea25') in 0.011039 seconds 
  Import took 0.016396 seconds .

========================================================================
Received Import Request.
  Time since last request: 0.000247 seconds.
  path: Assets/WreckBow/Materials/BowMaterials/BowMaterial.mat
  artifactKey: Guid(db19fa25229120344955b57e0e8a69d9) Importer(815301076,1909f56bfc062723c751e8b465ee728b)
Start importing Assets/WreckBow/Materials/BowMaterials/BowMaterial.mat using Guid(db19fa25229120344955b57e0e8a69d9) Importer(815301076,1909f56bfc062723c751e8b465ee728b)  -> (artifact id: '080073eda33bb34e007292a0b2c6d228') in 0.007936 seconds 
  Import took 0.013756 seconds .

========================================================================
Received Import Request.
  Time since last request: 0.000261 seconds.
  path: Packages/com.unity.render-pipelines.universal/Runtime/Materials/Sprite-Lit-Default.mat
  artifactKey: Guid(a97c105638bdf8b4a8650670310a4cd3) Importer(815301076,1909f56bfc062723c751e8b465ee728b)
Start importing Packages/com.unity.render-pipelines.universal/Runtime/Materials/Sprite-Lit-Default.mat using Guid(a97c105638bdf8b4a8650670310a4cd3) Importer(815301076,1909f56bfc062723c751e8b465ee728b)  -> (artifact id: 'cbf71d48645b4137c3fdde14caf1f63f') in 0.016003 seconds 
  Import took 0.021284 seconds .

========================================================================
Received Import Request.
  Time since last request: 0.000242 seconds.
  path: Packages/com.unity.render-pipelines.universal/Runtime/Materials/Lit.mat
  artifactKey: Guid(31321ba15b8f8eb4c954353edc038b1d) Importer(815301076,1909f56bfc062723c751e8b465ee728b)
Start importing Packages/com.unity.render-pipelines.universal/Runtime/Materials/Lit.mat using Guid(31321ba15b8f8eb4c954353edc038b1d) Importer(815301076,1909f56bfc062723c751e8b465ee728b)  -> (artifact id: '97a46e45ab72210011683b98bb693f19') in 0.008051 seconds 
  Import took 0.013091 seconds .

========================================================================
Received Import Request.
  Time since last request: 0.000242 seconds.
  path: Packages/com.unity.searcher/Editor/Resources/FlatSkin/Font/Roboto-Medium.ttf
  artifactKey: Guid(a51a3aebb43ac044989270407476b208) Importer(815301076,1909f56bfc062723c751e8b465ee728b)
Start importing Packages/com.unity.searcher/Editor/Resources/FlatSkin/Font/Roboto-Medium.ttf using Guid(a51a3aebb43ac044989270407476b208) Importer(815301076,1909f56bfc062723c751e8b465ee728b)  -> (artifact id: '5ea036b07299d73d30f4d9406270b3dc') in 0.009236 seconds 
  Import took 0.014594 seconds .

========================================================================
Received Import Request.
  Time since last request: 0.000208 seconds.
  path: Packages/com.unity.render-pipelines.core/Runtime/Debugging/Prefabs/Fonts/Perfect DOS VGA 437.ttf
  artifactKey: Guid(74a5091d8707f334b9a5c31ef71a64ba) Importer(815301076,1909f56bfc062723c751e8b465ee728b)
Start importing Packages/com.unity.render-pipelines.core/Runtime/Debugging/Prefabs/Fonts/Perfect DOS VGA 437.ttf using Guid(74a5091d8707f334b9a5c31ef71a64ba) Importer(815301076,1909f56bfc062723c751e8b465ee728b)  -> (artifact id: '3670f5cb4d8b6698a9089afa9d7b5f65') in 0.009199 seconds 
  Import took 0.013502 seconds .

========================================================================
Received Import Request.
  Time since last request: 0.000200 seconds.
  path: Packages/com.unity.searcher/Editor/Resources/FlatSkin/Font/Roboto-Light.ttf
  artifactKey: Guid(2a29e27936eb547458f646f71125b264) Importer(815301076,1909f56bfc062723c751e8b465ee728b)
Start importing Packages/com.unity.searcher/Editor/Resources/FlatSkin/Font/Roboto-Light.ttf using Guid(2a29e27936eb547458f646f71125b264) Importer(815301076,1909f56bfc062723c751e8b465ee728b)  -> (artifact id: '4f334f88bc25847beced2dca712d21cd') in 0.008977 seconds 
  Import took 0.013492 seconds .

========================================================================
Received Import Request.
  Time since last request: 0.000228 seconds.
  path: Packages/com.unity.searcher/Editor/Resources/FlatSkin/Font/Roboto-LightItalic.ttf
  artifactKey: Guid(5e63515167650a541b309ba3bfd4db3d) Importer(815301076,1909f56bfc062723c751e8b465ee728b)
Start importing Packages/com.unity.searcher/Editor/Resources/FlatSkin/Font/Roboto-LightItalic.ttf using Guid(5e63515167650a541b309ba3bfd4db3d) Importer(815301076,1909f56bfc062723c751e8b465ee728b)  -> (artifact id: 'af481dfc70a2bb37a1a7caf165af591a') in 0.009844 seconds 
  Import took 0.015053 seconds .

========================================================================
Received Import Request.
  Time since last request: 11.154973 seconds.
  path: Assets/BuiltInXR/Settings/ForwardRenderer.asset
  artifactKey: Guid(4a8e21d5c33334b11b34a596161b9360) Importer(815301076,1909f56bfc062723c751e8b465ee728b)
Start importing Assets/BuiltInXR/Settings/ForwardRenderer.asset using Guid(4a8e21d5c33334b11b34a596161b9360) Importer(815301076,1909f56bfc062723c751e8b465ee728b)  -> (artifact id: 'fd4bee02f0291389c3517910503f4b22') in 0.006384 seconds 
  Import took 0.011731 seconds .

========================================================================
Received Import Request.
  Time since last request: 0.000298 seconds.
  path: Assets/BuiltInXR/Settings/SampleSceneProfile.asset
  artifactKey: Guid(10fc4df2da32a41aaa32d77bc913491c) Importer(815301076,1909f56bfc062723c751e8b465ee728b)
Start importing Assets/BuiltInXR/Settings/SampleSceneProfile.asset using Guid(10fc4df2da32a41aaa32d77bc913491c) Importer(815301076,1909f56bfc062723c751e8b465ee728b)  -> (artifact id: 'd2b3f476ab718b1cf20d183dd9addfe7') in 0.006202 seconds 
  Import took 0.011331 seconds .

========================================================================
Received Import Request.
  Time since last request: 0.000296 seconds.
  path: Assets/BuiltInXR/Settings/UniversalRP-LowQuality.asset
  artifactKey: Guid(a31e9f9f9c9d4b9429ed0d1234e22103) Importer(815301076,1909f56bfc062723c751e8b465ee728b)
Start importing Assets/BuiltInXR/Settings/UniversalRP-LowQuality.asset using Guid(a31e9f9f9c9d4b9429ed0d1234e22103) Importer(815301076,1909f56bfc062723c751e8b465ee728b)  -> (artifact id: 'b226a0bb157262eadf686f6bb5b5f1f8') in 0.003239 seconds 
  Import took 0.007804 seconds .

========================================================================
Received Import Request.
  Time since last request: 0.000271 seconds.
  path: Assets/BuiltInXR/Settings/UniversalRP-MediumQuality.asset
  artifactKey: Guid(d847b876476d3d6468f5dfcd34266f96) Importer(815301076,1909f56bfc062723c751e8b465ee728b)
Start importing Assets/BuiltInXR/Settings/UniversalRP-MediumQuality.asset using Guid(d847b876476d3d6468f5dfcd34266f96) Importer(815301076,1909f56bfc062723c751e8b465ee728b)  -> (artifact id: 'd421f548a6507a11f25ec3578746e9c1') in 0.002339 seconds 
  Import took 0.007493 seconds .

========================================================================
Received Import Request.
  Time since last request: 0.000262 seconds.
  path: Assets/BuiltInXR/Settings/UniversalRP-HighQuality.asset
  artifactKey: Guid(19ba41d7c0026c3459d37c2fe90c55a0) Importer(815301076,1909f56bfc062723c751e8b465ee728b)
Start importing Assets/BuiltInXR/Settings/UniversalRP-HighQuality.asset using Guid(19ba41d7c0026c3459d37c2fe90c55a0) Importer(815301076,1909f56bfc062723c751e8b465ee728b)  -> (artifact id: '02e18c1f933b70f494440bf5e7626866') in 0.003102 seconds 
  Import took 0.007771 seconds .

========================================================================
Received Import Request.
  Time since last request: 56.102972 seconds.
  path: Assets/WreckBow/Scripts/BowAndArrow/BowScripts/PullInteraction.cs
  artifactKey: Guid(ecb49be74899fbc4cb8d6cd1498032d7) Importer(815301076,1909f56bfc062723c751e8b465ee728b)
Start importing Assets/WreckBow/Scripts/BowAndArrow/BowScripts/PullInteraction.cs using Guid(ecb49be74899fbc4cb8d6cd1498032d7) Importer(815301076,1909f56bfc062723c751e8b465ee728b)  -> (artifact id: 'e473fb87cae5d0dab544be37e6ea439b') in 0.167107 seconds 
  Import took 0.172892 seconds .

========================================================================
Received Import Request.
  Time since last request: 28.949357 seconds.
  path: Assets/WreckBow/Scripts/BowAndArrow/ArrowScripts
  artifactKey: Guid(162a2eff432606246b22c8d00e48b2ec) Importer(815301076,1909f56bfc062723c751e8b465ee728b)
Start importing Assets/WreckBow/Scripts/BowAndArrow/ArrowScripts using Guid(162a2eff432606246b22c8d00e48b2ec) Importer(815301076,1909f56bfc062723c751e8b465ee728b)  -> (artifact id: '454443a5d2ac92ff1b52dc00cc6a4fbe') in 0.000957 seconds 
  Import took 0.006817 seconds .

========================================================================
Received Import Request.
  Time since last request: 0.000512 seconds.
  path: Assets/WreckBow/Scripts/BowAndArrow/ArrowScripts
  artifactKey: Guid(162a2eff432606246b22c8d00e48b2ec) Importer(815301076,1909f56bfc062723c751e8b465ee728b)
Start importing Assets/WreckBow/Scripts/BowAndArrow/ArrowScripts using Guid(162a2eff432606246b22c8d00e48b2ec) Importer(815301076,1909f56bfc062723c751e8b465ee728b)  -> (artifact id: '454443a5d2ac92ff1b52dc00cc6a4fbe') in 0.000758 seconds 
  Import took 0.005012 seconds .

========================================================================
Received Import Request.
  Time since last request: 6.043659 seconds.
  path: Assets/WreckBow/Scripts/BowAndArrow/BowScripts
  artifactKey: Guid(1600ba88cd94761449b4e0c82a1b5e47) Importer(815301076,1909f56bfc062723c751e8b465ee728b)
Start importing Assets/WreckBow/Scripts/BowAndArrow/BowScripts using Guid(1600ba88cd94761449b4e0c82a1b5e47) Importer(815301076,1909f56bfc062723c751e8b465ee728b)  -> (artifact id: 'afde53e69e5352a7639ad1a8bd8fd570') in 0.001064 seconds 
  Import took 0.005973 seconds .

========================================================================
Received Import Request.
  Time since last request: 0.001248 seconds.
  path: Assets/WreckBow/Scripts/BowAndArrow/BowScripts
  artifactKey: Guid(1600ba88cd94761449b4e0c82a1b5e47) Importer(815301076,1909f56bfc062723c751e8b465ee728b)
Start importing Assets/WreckBow/Scripts/BowAndArrow/BowScripts using Guid(1600ba88cd94761449b4e0c82a1b5e47) Importer(815301076,1909f56bfc062723c751e8b465ee728b)  -> (artifact id: 'afde53e69e5352a7639ad1a8bd8fd570') in 0.000901 seconds 
  Import took 0.006069 seconds .

========================================================================
Received Prepare
Registering precompiled user dll's ...
Registered in 0.006000 seconds.
Begin MonoManager ReloadAssembly
Native extension for OSXStandalone target not found
Native extension for WebGL target not found
Refreshing native plugins compatible for Editor in 0.82 ms, found 2 plugins.
Preloading 0 native plugins for Editor in 0.00 ms.
Mono: successfully reloaded assembly
- Completed reload, in  3.047 seconds
Platform modules already initialized, skipping
Shader 'Universal Render Pipeline/Particles/Lit': fallback shader 'Universal Render Pipeline/Particles/SimpleLit' not found
Refreshing native plugins compatible for Editor in 0.68 ms, found 2 plugins.
Preloading 0 native plugins for Editor in 0.00 ms.
Unloading 3319 Unused Serialized files (Serialized files now loaded: 0)
System memory in use before: 196.6 MB.
System memory in use after: 196.8 MB.

Unloading 17 unused Assets to reduce memory usage. Loaded Objects now: 3981.
Total: 2.539417 ms (FindLiveObjects: 0.358208 ms CreateObjectMapping: 0.084958 ms MarkObjects: 2.040334 ms  DeleteObjects: 0.054667 ms)

AssetImportParameters requested are different than current active one (requested -> active):
  custom:video-decoder-ogg-theora: a1e56fd34408186e4bbccfd4996cb3dc -> 
  custom:container-muxer-webm: aa71ff27fc2769a1b78a27578f13a17b -> 
  custom:container-demuxer-webm: 4f35f7cbe854078d1ac9338744f61a02 -> 
  custom:container-demuxer-ogg: 62fdf1f143b41e24485cea50d1cbac27 -> 
  custom:video-encoder-webm-vp8: eb34c28f22e8b96e1ab97ce403110664 -> 
  custom:framework-osx-AVFoundation: e770b220cccbd017edd2c1fefb359320 -> 
  custom:video-decoder-webm-vp8: 9c59270c3fd7afecdb556c50c9e8de78 -> 
  custom:audio-decoder-ogg-vorbis: bf7c407c2cedff20999df2af8eb42d56 -> 
  custom:audio-encoder-webm-vorbis: bf7c407c2cedff20999df2af8eb42d56 -> 
========================================================================
Received Import Request.
  Time since last request: 52.856967 seconds.
  path: Assets/WreckBow/Scripts/BowAndArrow/BowScripts/StretchHaptic.cs
  artifactKey: Guid(e55b2664c15d6f04a9a0cdf3a6c6fadb) Importer(815301076,1909f56bfc062723c751e8b465ee728b)
Start importing Assets/WreckBow/Scripts/BowAndArrow/BowScripts/StretchHaptic.cs using Guid(e55b2664c15d6f04a9a0cdf3a6c6fadb) Importer(815301076,1909f56bfc062723c751e8b465ee728b)  -> (artifact id: 'f871cfaec22042868bc7cac896c65bce') in 0.008953 seconds 
  Import took 0.013692 seconds .

========================================================================
Received Import Request.
  Time since last request: 129.321537 seconds.
  path: Assets/WreckBow/Sounds/bowLoopableStretch.wav
  artifactKey: Guid(80b23c191ca0a3248b82adae4ea83ee6) Importer(815301076,1909f56bfc062723c751e8b465ee728b)
Start importing Assets/WreckBow/Sounds/bowLoopableStretch.wav using Guid(80b23c191ca0a3248b82adae4ea83ee6) Importer(815301076,1909f56bfc062723c751e8b465ee728b)  -> (artifact id: '63e22f40bd42de41c0c273b4f57ad42d') in 0.698906 seconds 
  Import took 0.717322 seconds .

========================================================================
Received Import Request.
  Time since last request: 0.000317 seconds.
  path: Assets/WreckBow/Sounds/hit3.wav
  artifactKey: Guid(fb5d6c233e153ff47a7d44b91931cfe4) Importer(815301076,1909f56bfc062723c751e8b465ee728b)
Start importing Assets/WreckBow/Sounds/hit3.wav using Guid(fb5d6c233e153ff47a7d44b91931cfe4) Importer(815301076,1909f56bfc062723c751e8b465ee728b)  -> (artifact id: '63859e1df5dd964ee3147836c2ae957e') in 0.012204 seconds 
  Import took 0.016244 seconds .

========================================================================
Received Import Request.
  Time since last request: 0.000338 seconds.
  path: Assets/WreckBow/Sounds/bowRelease.wav
  artifactKey: Guid(6685ceec7f89865479d7641520c08506) Importer(815301076,1909f56bfc062723c751e8b465ee728b)
Start importing Assets/WreckBow/Sounds/bowRelease.wav using Guid(6685ceec7f89865479d7641520c08506) Importer(815301076,1909f56bfc062723c751e8b465ee728b)  -> (artifact id: 'ae3e22f46ae217c450024bf03723c10d') in 0.007443 seconds 
  Import took 0.011772 seconds .

========================================================================
Received Import Request.
  Time since last request: 0.000294 seconds.
  path: Assets/WreckBow/Sounds/hit1.wav
  artifactKey: Guid(4ec89aec6cd5fff46821aa64554788b8) Importer(815301076,1909f56bfc062723c751e8b465ee728b)
Start importing Assets/WreckBow/Sounds/hit1.wav using Guid(4ec89aec6cd5fff46821aa64554788b8) Importer(815301076,1909f56bfc062723c751e8b465ee728b)  -> (artifact id: '85e8c8e30631b771eda20a2fd1597e0b') in 0.008146 seconds 
  Import took 0.012595 seconds .

========================================================================
Received Import Request.
  Time since last request: 0.000269 seconds.
  path: Assets/WreckBow/Sounds/hit2.wav
  artifactKey: Guid(5bc856c06f1f7af43a285662f6b96f4c) Importer(815301076,1909f56bfc062723c751e8b465ee728b)
Start importing Assets/WreckBow/Sounds/hit2.wav using Guid(5bc856c06f1f7af43a285662f6b96f4c) Importer(815301076,1909f56bfc062723c751e8b465ee728b)  -> (artifact id: '44b61b6da1e33356f64d093a18e27edc') in 0.009756 seconds 
  Import took 0.014537 seconds .

========================================================================
Received Import Request.
  Time since last request: 0.003231 seconds.
  path: Assets/WreckBow/Sounds/hit2.wav
  artifactKey: Guid(5bc856c06f1f7af43a285662f6b96f4c) Importer(815301076,1909f56bfc062723c751e8b465ee728b)
Start importing Assets/WreckBow/Sounds/hit2.wav using Guid(5bc856c06f1f7af43a285662f6b96f4c) Importer(815301076,1909f56bfc062723c751e8b465ee728b)  -> (artifact id: '44b61b6da1e33356f64d093a18e27edc') in 0.006149 seconds 
  Import took 0.010458 seconds .

========================================================================
Received Prepare
Registering precompiled user dll's ...
Registered in 0.007830 seconds.
Begin MonoManager ReloadAssembly
Native extension for OSXStandalone target not found
Native extension for WebGL target not found
Refreshing native plugins compatible for Editor in 0.69 ms, found 2 plugins.
Preloading 0 native plugins for Editor in 0.00 ms.
Mono: successfully reloaded assembly
- Completed reload, in  2.579 seconds
Platform modules already initialized, skipping
Shader 'Universal Render Pipeline/Particles/Lit': fallback shader 'Universal Render Pipeline/Particles/SimpleLit' not found
Refreshing native plugins compatible for Editor in 0.69 ms, found 2 plugins.
Preloading 0 native plugins for Editor in 0.00 ms.
Unloading 3317 Unused Serialized files (Serialized files now loaded: 0)
System memory in use before: 202.0 MB.
System memory in use after: 202.3 MB.

Unloading 16 unused Assets to reduce memory usage. Loaded Objects now: 3988.
Total: 2.109042 ms (FindLiveObjects: 0.274250 ms CreateObjectMapping: 0.080125 ms MarkObjects: 1.727709 ms  DeleteObjects: 0.024291 ms)

AssetImportParameters requested are different than current active one (requested -> active):
  custom:video-decoder-ogg-theora: a1e56fd34408186e4bbccfd4996cb3dc -> 
  custom:container-muxer-webm: aa71ff27fc2769a1b78a27578f13a17b -> 
  custom:container-demuxer-webm: 4f35f7cbe854078d1ac9338744f61a02 -> 
  custom:container-demuxer-ogg: 62fdf1f143b41e24485cea50d1cbac27 -> 
  custom:video-encoder-webm-vp8: eb34c28f22e8b96e1ab97ce403110664 -> 
  custom:framework-osx-AVFoundation: e770b220cccbd017edd2c1fefb359320 -> 
  custom:video-decoder-webm-vp8: 9c59270c3fd7afecdb556c50c9e8de78 -> 
  custom:audio-decoder-ogg-vorbis: bf7c407c2cedff20999df2af8eb42d56 -> 
  custom:audio-encoder-webm-vorbis: bf7c407c2cedff20999df2af8eb42d56 -> 
========================================================================
Received Import Request.
  Time since last request: 102.798193 seconds.
  path: Assets/WreckBow/Scripts/BowAndArrow/BowScripts/ExclusiveGrabbable.cs
  artifactKey: Guid(583fc0286f314bb4093a3d689a1803a9) Importer(815301076,1909f56bfc062723c751e8b465ee728b)
Start importing Assets/WreckBow/Scripts/BowAndArrow/BowScripts/ExclusiveGrabbable.cs using Guid(583fc0286f314bb4093a3d689a1803a9) Importer(815301076,1909f56bfc062723c751e8b465ee728b)  -> (artifact id: '7c536c60f9ad92d09fdae6304dcbe02d') in 0.010130 seconds 
  Import took 0.015277 seconds .

========================================================================
Received Import Request.
  Time since last request: 0.002576 seconds.
  path: Assets/WreckBow/Scripts/BowAndArrow/BowScripts/ExclusiveGrabbable.cs
  artifactKey: Guid(583fc0286f314bb4093a3d689a1803a9) Importer(815301076,1909f56bfc062723c751e8b465ee728b)
Start importing Assets/WreckBow/Scripts/BowAndArrow/BowScripts/ExclusiveGrabbable.cs using Guid(583fc0286f314bb4093a3d689a1803a9) Importer(815301076,1909f56bfc062723c751e8b465ee728b)  -> (artifact id: '7c536c60f9ad92d09fdae6304dcbe02d') in 0.001153 seconds 
  Import took 0.005315 seconds .

========================================================================
Received Prepare
Registering precompiled user dll's ...
Registered in 0.007342 seconds.
Begin MonoManager ReloadAssembly
Native extension for OSXStandalone target not found
Native extension for WebGL target not found
Refreshing native plugins compatible for Editor in 0.70 ms, found 2 plugins.
Preloading 0 native plugins for Editor in 0.00 ms.
Mono: successfully reloaded assembly
- Completed reload, in  2.503 seconds
Platform modules already initialized, skipping
Shader 'Universal Render Pipeline/Particles/Lit': fallback shader 'Universal Render Pipeline/Particles/SimpleLit' not found
Refreshing native plugins compatible for Editor in 0.68 ms, found 2 plugins.
Preloading 0 native plugins for Editor in 0.00 ms.
Unloading 3317 Unused Serialized files (Serialized files now loaded: 0)
System memory in use before: 203.5 MB.
System memory in use after: 203.8 MB.

Unloading 16 unused Assets to reduce memory usage. Loaded Objects now: 3992.
Total: 2.259750 ms (FindLiveObjects: 0.313416 ms CreateObjectMapping: 0.076292 ms MarkObjects: 1.841625 ms  DeleteObjects: 0.027417 ms)

AssetImportParameters requested are different than current active one (requested -> active):
  custom:video-decoder-ogg-theora: a1e56fd34408186e4bbccfd4996cb3dc -> 
  custom:container-muxer-webm: aa71ff27fc2769a1b78a27578f13a17b -> 
  custom:container-demuxer-webm: 4f35f7cbe854078d1ac9338744f61a02 -> 
  custom:container-demuxer-ogg: 62fdf1f143b41e24485cea50d1cbac27 -> 
  custom:video-encoder-webm-vp8: eb34c28f22e8b96e1ab97ce403110664 -> 
  custom:framework-osx-AVFoundation: e770b220cccbd017edd2c1fefb359320 -> 
  custom:video-decoder-webm-vp8: 9c59270c3fd7afecdb556c50c9e8de78 -> 
  custom:audio-decoder-ogg-vorbis: bf7c407c2cedff20999df2af8eb42d56 -> 
  custom:audio-encoder-webm-vorbis: bf7c407c2cedff20999df2af8eb42d56 -> 
========================================================================
Received Prepare
Registering precompiled user dll's ...
Registered in 0.006716 seconds.
Begin MonoManager ReloadAssembly
Native extension for OSXStandalone target not found
Native extension for WebGL target not found
Refreshing native plugins compatible for Editor in 0.69 ms, found 2 plugins.
Preloading 0 native plugins for Editor in 0.00 ms.
Mono: successfully reloaded assembly
- Completed reload, in  2.529 seconds
Platform modules already initialized, skipping
Shader 'Universal Render Pipeline/Particles/Lit': fallback shader 'Universal Render Pipeline/Particles/SimpleLit' not found
Refreshing native plugins compatible for Editor in 0.65 ms, found 2 plugins.
Preloading 0 native plugins for Editor in 0.00 ms.
Unloading 3317 Unused Serialized files (Serialized files now loaded: 0)
System memory in use before: 205.0 MB.
System memory in use after: 205.3 MB.

Unloading 16 unused Assets to reduce memory usage. Loaded Objects now: 3996.
Total: 2.219792 ms (FindLiveObjects: 0.252667 ms CreateObjectMapping: 0.075458 ms MarkObjects: 1.862167 ms  DeleteObjects: 0.027917 ms)

AssetImportParameters requested are different than current active one (requested -> active):
  custom:video-decoder-ogg-theora: a1e56fd34408186e4bbccfd4996cb3dc -> 
  custom:container-muxer-webm: aa71ff27fc2769a1b78a27578f13a17b -> 
  custom:container-demuxer-webm: 4f35f7cbe854078d1ac9338744f61a02 -> 
  custom:container-demuxer-ogg: 62fdf1f143b41e24485cea50d1cbac27 -> 
  custom:video-encoder-webm-vp8: eb34c28f22e8b96e1ab97ce403110664 -> 
  custom:framework-osx-AVFoundation: e770b220cccbd017edd2c1fefb359320 -> 
  custom:video-decoder-webm-vp8: 9c59270c3fd7afecdb556c50c9e8de78 -> 
  custom:audio-decoder-ogg-vorbis: bf7c407c2cedff20999df2af8eb42d56 -> 
  custom:audio-encoder-webm-vorbis: bf7c407c2cedff20999df2af8eb42d56 -> 
